<?xml version="1.0" encoding="UTF-8"?>
<!-- Generated by org.testng.reporters.JUnitReportReporter -->
<testsuite hostname="Lenovo-PC" failures="0" tests="2" name="com.juaracoding.gist.glue.StepDefinition" time="15.500" errors="0" timestamp="2022-02-04T12:47:19 WIB" skipped="0">
  <testcase classname="com.juaracoding.gist.glue.StepDefinition" name="LoginGist" time="11.356"/>
  <system-out/>
  <testcase classname="com.juaracoding.gist.glue.StepDefinition" name="CreateGist" time="4.144"/>
  <system-out/>
</testsuite> <!-- com.juaracoding.gist.glue.StepDefinition -->
